{"uid":"1fd9af53196518aa","name":"ConfirmationTokenServiceImplTest","fullName":"com.coursemanagement.unit.service.ConfirmationTokenServiceImplTest","historyId":"4e57fcad7338117ec40a09f112faf8f8","time":{"start":1703096088134,"stop":1703096088134,"duration":0},"description":"","status":"broken","statusMessage":"java.lang.ExceptionInInitializerError","statusTrace":"java.lang.ExceptionInInitializerError\n\tat java.base/jdk.internal.misc.Unsafe.ensureClassInitialized0(Native Method)\n\tat java.base/jdk.internal.misc.Unsafe.ensureClassInitialized(Unsafe.java:1155)\n\tat java.base/jdk.internal.reflect.UnsafeFieldAccessorFactory.newFieldAccessor(UnsafeFieldAccessorFactory.java:42)\n\tat java.base/jdk.internal.reflect.ReflectionFactory.newFieldAccessor(ReflectionFactory.java:185)\n\tat java.base/java.lang.reflect.Field.acquireFieldAccessor(Field.java:1132)\n\tat java.base/java.lang.reflect.Field.getFieldAccessor(Field.java:1113)\n\tat java.base/java.lang.reflect.Field.get(Field.java:425)\n\tat org.junit.platform.commons.util.ReflectionUtils.lambda$tryToReadFieldValue$5(ReflectionUtils.java:673)\n\tat org.junit.platform.commons.function.Try.lambda$call$0(Try.java:57)\n\tat org.junit.platform.commons.function.Try.of(Try.java:93)\n\tat org.junit.platform.commons.function.Try.call(Try.java:57)\n\tat org.junit.platform.commons.util.ReflectionUtils.tryToReadFieldValue(ReflectionUtils.java:673)\n\tat org.junit.jupiter.engine.descriptor.ExtensionUtils.lambda$registerExtensionsFromFields$4(ExtensionUtils.java:106)\n\tat java.base/java.util.stream.ForEachOps$ForEachOp$OfRef.accept(ForEachOps.java:183)\n\tat java.base/java.util.stream.SortedOps$SizedRefSortingSink.end(SortedOps.java:357)\n\tat java.base/java.util.stream.AbstractPipeline.copyInto(AbstractPipeline.java:510)\n\tat java.base/java.util.stream.AbstractPipeline.wrapAndCopyInto(AbstractPipeline.java:499)\n\tat java.base/java.util.stream.ForEachOps$ForEachOp.evaluateSequential(ForEachOps.java:150)\n\tat java.base/java.util.stream.ForEachOps$ForEachOp$OfRef.evaluateSequential(ForEachOps.java:173)\n\tat java.base/java.util.stream.AbstractPipeline.evaluate(AbstractPipeline.java:234)\n\tat java.base/java.util.stream.ReferencePipeline.forEach(ReferencePipeline.java:596)\n\tat org.junit.jupiter.engine.descriptor.ExtensionUtils.registerExtensionsFromFields(ExtensionUtils.java:98)\n\tat org.junit.jupiter.engine.descriptor.ClassBasedTestDescriptor.prepare(ClassBasedTestDescriptor.java:154)\n\tat org.junit.jupiter.engine.descriptor.ClassBasedTestDescriptor.prepare(ClassBasedTestDescriptor.java:84)\n\tat org.junit.platform.engine.support.hierarchical.NodeTestTask.lambda$prepare$2(NodeTestTask.java:123)\n\tat org.junit.platform.engine.support.hierarchical.ThrowableCollector.execute(ThrowableCollector.java:73)\n\tat org.junit.platform.engine.support.hierarchical.NodeTestTask.prepare(NodeTestTask.java:123)\n\tat org.junit.platform.engine.support.hierarchical.NodeTestTask.execute(NodeTestTask.java:90)\n\tat java.base/java.util.ArrayList.forEach(ArrayList.java:1511)\n\tat org.junit.platform.engine.support.hierarchical.SameThreadHierarchicalTestExecutorService.invokeAll(SameThreadHierarchicalTestExecutorService.java:41)\n\tat org.junit.platform.engine.support.hierarchical.NodeTestTask.lambda$executeRecursively$6(NodeTestTask.java:155)\n\tat org.junit.platform.engine.support.hierarchical.ThrowableCollector.execute(ThrowableCollector.java:73)\n\tat org.junit.platform.engine.support.hierarchical.NodeTestTask.lambda$executeRecursively$8(NodeTestTask.java:141)\n\tat org.junit.platform.engine.support.hierarchical.Node.around(Node.java:137)\n\tat org.junit.platform.engine.support.hierarchical.NodeTestTask.lambda$executeRecursively$9(NodeTestTask.java:139)\n\tat org.junit.platform.engine.support.hierarchical.ThrowableCollector.execute(ThrowableCollector.java:73)\n\tat org.junit.platform.engine.support.hierarchical.NodeTestTask.executeRecursively(NodeTestTask.java:138)\n\tat org.junit.platform.engine.support.hierarchical.NodeTestTask.execute(NodeTestTask.java:95)\n\tat org.junit.platform.engine.support.hierarchical.SameThreadHierarchicalTestExecutorService.submit(SameThreadHierarchicalTestExecutorService.java:35)\n\tat org.junit.platform.engine.support.hierarchical.HierarchicalTestExecutor.execute(HierarchicalTestExecutor.java:57)\n\tat org.junit.platform.engine.support.hierarchical.HierarchicalTestEngine.execute(HierarchicalTestEngine.java:54)\n\tat org.junit.platform.launcher.core.EngineExecutionOrchestrator.execute(EngineExecutionOrchestrator.java:147)\n\tat org.junit.platform.launcher.core.EngineExecutionOrchestrator.execute(EngineExecutionOrchestrator.java:127)\n\tat org.junit.platform.launcher.core.EngineExecutionOrchestrator.execute(EngineExecutionOrchestrator.java:90)\n\tat org.junit.platform.launcher.core.EngineExecutionOrchestrator.lambda$execute$0(EngineExecutionOrchestrator.java:55)\n\tat org.junit.platform.launcher.core.EngineExecutionOrchestrator.withInterceptedStreams(EngineExecutionOrchestrator.java:102)\n\tat org.junit.platform.launcher.core.EngineExecutionOrchestrator.execute(EngineExecutionOrchestrator.java:54)\n\tat org.junit.platform.launcher.core.DefaultLauncher.execute(DefaultLauncher.java:114)\n\tat org.junit.platform.launcher.core.DefaultLauncher.execute(DefaultLauncher.java:86)\n\tat org.junit.platform.launcher.core.DefaultLauncherSession$DelegatingLauncher.execute(DefaultLauncherSession.java:86)\n\tat org.apache.maven.surefire.junitplatform.LazyLauncher.execute(LazyLauncher.java:55)\n\tat org.apache.maven.surefire.junitplatform.JUnitPlatformProvider.execute(JUnitPlatformProvider.java:223)\n\tat org.apache.maven.surefire.junitplatform.JUnitPlatformProvider.invokeAllTests(JUnitPlatformProvider.java:175)\n\tat org.apache.maven.surefire.junitplatform.JUnitPlatformProvider.invoke(JUnitPlatformProvider.java:139)\n\tat org.apache.maven.surefire.booter.ForkedBooter.runSuitesInProcess(ForkedBooter.java:456)\n\tat org.apache.maven.surefire.booter.ForkedBooter.execute(ForkedBooter.java:169)\n\tat org.apache.maven.surefire.booter.ForkedBooter.run(ForkedBooter.java:595)\n\tat org.apache.maven.surefire.booter.ForkedBooter.main(ForkedBooter.java:581)\nCaused by: org.yaml.snakeyaml.error.YAMLException: java.io.IOException: Stream closed\n\tat org.yaml.snakeyaml.reader.StreamReader.update(StreamReader.java:211)\n\tat org.yaml.snakeyaml.reader.StreamReader.ensureEnoughData(StreamReader.java:169)\n\tat org.yaml.snakeyaml.reader.StreamReader.ensureEnoughData(StreamReader.java:164)\n\tat org.yaml.snakeyaml.reader.StreamReader.peek(StreamReader.java:119)\n\tat org.yaml.snakeyaml.scanner.ScannerImpl.scanToNextToken(ScannerImpl.java:1229)\n\tat org.yaml.snakeyaml.scanner.ScannerImpl.fetchMoreTokens(ScannerImpl.java:345)\n\tat org.yaml.snakeyaml.scanner.ScannerImpl.checkToken(ScannerImpl.java:263)\n\tat org.yaml.snakeyaml.parser.ParserImpl$ParseImplicitDocumentStart.produce(ParserImpl.java:235)\n\tat org.yaml.snakeyaml.parser.ParserImpl.peekEvent(ParserImpl.java:185)\n\tat org.yaml.snakeyaml.parser.ParserImpl.checkEvent(ParserImpl.java:175)\n\tat org.yaml.snakeyaml.composer.Composer.getSingleNode(Composer.java:159)\n\tat org.yaml.snakeyaml.constructor.BaseConstructor.getSingleData(BaseConstructor.java:184)\n\tat org.yaml.snakeyaml.Yaml.loadFromReader(Yaml.java:477)\n\tat org.yaml.snakeyaml.Yaml.load(Yaml.java:418)\n\tat com.coursemanagement.config.extension.UserProviderExtension.<init>(UserProviderExtension.java:51)\n\tat com.coursemanagement.unit.service.ConfirmationTokenServiceImplTest.<clinit>(ConfirmationTokenServiceImplTest.java:73)\n\t... 58 more\nCaused by: java.io.IOException: Stream closed\n\tat java.base/java.io.PushbackInputStream.ensureOpen(PushbackInputStream.java:74)\n\tat java.base/java.io.PushbackInputStream.read(PushbackInputStream.java:162)\n\tat org.yaml.snakeyaml.reader.UnicodeReader.init(UnicodeReader.java:85)\n\tat org.yaml.snakeyaml.reader.UnicodeReader.read(UnicodeReader.java:117)\n\tat org.yaml.snakeyaml.reader.StreamReader.update(StreamReader.java:176)\n\t... 73 more\n","flaky":false,"newFailed":false,"newBroken":false,"newPassed":false,"retriesCount":0,"retriesStatusChange":false,"beforeStages":[],"afterStages":[],"labels":[{"name":"junit.platform.uniqueid","value":"[engine:junit-jupiter]/[class:com.coursemanagement.unit.service.ConfirmationTokenServiceImplTest]"},{"name":"host","value":"52ed721becec"},{"name":"thread","value":"2684@52ed721becec.main(1)"},{"name":"framework","value":"junit-platform"},{"name":"language","value":"java"},{"name":"package","value":"com.coursemanagement.unit.service.ConfirmationTokenServiceImplTest"},{"name":"testClass","value":"com.coursemanagement.unit.service.ConfirmationTokenServiceImplTest"},{"name":"suite","value":"com.coursemanagement.unit.service.ConfirmationTokenServiceImplTest"},{"name":"AS_ID","value":"-1"},{"name":"resultFormat","value":"allure2"}],"parameters":[],"links":[],"hidden":false,"retry":false,"extra":{"severity":"normal","retries":[],"categories":[{"name":"Test defects","matchedStatuses":[],"flaky":false}],"tags":[]},"source":"1fd9af53196518aa.json","parameterValues":[]}